2010-09-01T12:07:44+02:00 INFO (6): blogid23
2010-09-01T12:07:44+02:00 INFO (6): $usernamela
2010-09-01T12:07:44+02:00 INFO (6): $passwordla
2010-09-01T12:07:44+02:00 INFO (6): /Users/alex/Dropbox/Projekte/Current/schreibmaschine/src/public/application/models/views/ListPosts.php
2010-09-01T12:09:45+02:00 INFO (6): blogid23
2010-09-01T12:09:45+02:00 INFO (6): $usernamealex
2010-09-01T12:09:45+02:00 INFO (6): $password12
2010-09-01T12:09:45+02:00 INFO (6): /Users/alex/Dropbox/Projekte/Current/schreibmaschine/src/public/application/models/views/ListPosts.php
2010-09-01T12:11:32+02:00 INFO (6): blogid23
2010-09-01T12:11:32+02:00 INFO (6): $usernamealex
2010-09-01T12:11:32+02:00 INFO (6): $password12
2010-09-01T12:13:01+02:00 INFO (6): blogid23
2010-09-01T12:13:01+02:00 INFO (6): $usernamealex
2010-09-01T12:13:01+02:00 INFO (6): $password12
2010-09-01T12:13:36+02:00 INFO (6): blogid23
2010-09-01T12:13:36+02:00 INFO (6): $usernamela
2010-09-01T12:13:36+02:00 INFO (6): $passwordla
2010-09-02T10:52:34+02:00 CRIT (2): Application error
2010-09-02T10:53:36+02:00 CRIT (2): Application error
2010-09-02T10:56:35+02:00 CRIT (2): Application error
2010-09-02T11:00:43+02:00 CRIT (2): Application error
2010-09-02T11:02:21+02:00 CRIT (2): Application error
2010-09-02T11:02:49+02:00 CRIT (2): Application error
2010-09-02T17:02:00+02:00 CRIT (2): Application error
2010-09-02T17:10:00+02:00 INFO (6): Array
(
    [0] => 1
    [1] => test
    [2] => 
)

2010-09-02T17:10:05+02:00 INFO (6): Array
(
    [0] => 1
    [1] => test
    [2] => 
)

2010-09-02T17:30:49+02:00 INFO (6): Array
(
    [0] => 1
    [1] => alex
    [2] => Chuutu1B.
)

2010-09-02T17:31:39+02:00 INFO (6): Array
(
    [0] => 1
    [1] => alex
    [2] => Chuutu1B.
)

2010-09-02T17:42:14+02:00 CRIT (2): Application error
2010-09-02T17:42:14+02:00 CRIT (2): Application error
2010-09-02T17:45:25+02:00 CRIT (2): Application error
2010-09-02T17:45:42+02:00 CRIT (2): Application error
2010-09-02T17:45:52+02:00 CRIT (2): Application error
2010-09-02T18:38:48+02:00 CRIT (2): Application error
2010-09-15T12:51:48+02:00 CRIT (2): Application error
2010-09-15T12:52:49+02:00 CRIT (2): Application error
2010-09-15T12:55:05+02:00 CRIT (2): Application error
2010-09-15T12:55:06+02:00 CRIT (2): Application error
2010-09-15T12:55:30+02:00 CRIT (2): Application error
2010-09-15T12:55:32+02:00 CRIT (2): Application error
2010-09-15T12:55:32+02:00 CRIT (2): Application error
2010-09-15T12:56:03+02:00 CRIT (2): Application error
2010-09-15T12:56:04+02:00 CRIT (2): Application error
2010-09-15T13:00:23+02:00 CRIT (2): Page not found
2010-09-15T13:00:23+02:00 CRIT (2): Page not found
2010-09-15T13:00:23+02:00 CRIT (2): Page not found
2010-09-15T13:00:23+02:00 CRIT (2): Page not found
2010-09-15T13:00:23+02:00 CRIT (2): Page not found
2010-09-15T13:00:23+02:00 CRIT (2): Page not found
2010-09-15T13:00:24+02:00 CRIT (2): Page not found
2010-09-15T13:00:24+02:00 CRIT (2): Page not found
2010-09-15T13:00:24+02:00 CRIT (2): Page not found
2010-09-15T13:00:24+02:00 CRIT (2): Page not found
2010-09-15T13:00:43+02:00 CRIT (2): Page not found
2010-09-15T13:00:43+02:00 CRIT (2): Page not found
2010-09-15T13:00:43+02:00 CRIT (2): Page not found
2010-09-15T13:00:43+02:00 CRIT (2): Page not found
2010-09-15T13:00:43+02:00 CRIT (2): Page not found
2010-09-15T13:00:43+02:00 CRIT (2): Page not found
2010-09-15T13:00:43+02:00 CRIT (2): Page not found
2010-09-15T13:00:43+02:00 CRIT (2): Page not found
2010-09-15T13:00:43+02:00 CRIT (2): Page not found
2010-09-15T13:00:43+02:00 CRIT (2): Page not found
2010-09-15T13:01:34+02:00 CRIT (2): Page not found
2010-09-15T13:01:34+02:00 CRIT (2): Page not found
2010-09-15T13:01:34+02:00 CRIT (2): Page not found
2010-09-15T13:01:34+02:00 CRIT (2): Page not found
2010-09-15T13:01:34+02:00 CRIT (2): Page not found
2010-09-15T13:01:34+02:00 CRIT (2): Page not found
2010-09-15T13:01:34+02:00 CRIT (2): Page not found
2010-09-15T13:01:34+02:00 CRIT (2): Page not found
2010-09-15T13:01:34+02:00 CRIT (2): Page not found
2010-09-15T13:01:34+02:00 CRIT (2): Page not found
2010-09-15T13:05:41+02:00 CRIT (2): Application error
2010-09-15T13:05:44+02:00 CRIT (2): Application error
2010-09-15T13:05:45+02:00 CRIT (2): Application error
2010-09-15T13:05:46+02:00 CRIT (2): Application error
2010-09-15T13:13:36+02:00 INFO (6): Array
(
    [0] => init
    [1] =>  go
    [2] =>  hello-world
)

2010-09-15T13:13:36+02:00 INFO (6): init
2010-09-15T13:13:36+02:00 INFO (6):  go
2010-09-15T13:13:36+02:00 INFO (6):  hello-world
